Build started 16/10/15 4:45:00 PM.
     1>Project "C:\Users\c1234_000\Desktop\CS-4411-Project2\trunk\ModSkelF14\modeler.vcxproj" on node 2 (Build target(s)).
     1>ClCompile:
         C:\Program Files (x86)\Microsoft Visual Studio 12.0\VC\bin\CL.exe /c /Ilocal\include /ZI /nologo /W3 /WX- /Od /Oy- /D WIN32 /D _DEBUG /D _CONSOLE /D _VC80_UPGRADE=0x0600 /D _MBCS /Gm /EHsc /RTC1 /MTd /GS /fp:precise /Zc:wchar_t /Zc:forScope /Fo".\Debug/" /Fd".\Debug/vc120.pdb" /Gd /TP /analyze- /errorReport:prompt sample.cpp
         sample.cpp
     1>c:\users\c1234_000\desktop\cs-4411-project2\trunk\modskelf14\sample.cpp(219): warning C4305: 'argument' : truncation from 'double' to 'float'
     1>c:\users\c1234_000\desktop\cs-4411-project2\trunk\modskelf14\sample.cpp(220): warning C4305: 'argument' : truncation from 'double' to 'float'
     1>c:\users\c1234_000\desktop\cs-4411-project2\trunk\modskelf14\sample.cpp(221): warning C4305: 'argument' : truncation from 'double' to 'float'
     1>c:\users\c1234_000\desktop\cs-4411-project2\trunk\modskelf14\sample.cpp(225): warning C4305: 'argument' : truncation from 'double' to 'float'
     1>c:\users\c1234_000\desktop\cs-4411-project2\trunk\modskelf14\sample.cpp(226): warning C4305: 'argument' : truncation from 'double' to 'float'
     1>c:\users\c1234_000\desktop\cs-4411-project2\trunk\modskelf14\sample.cpp(227): warning C4305: 'argument' : truncation from 'double' to 'float'
     1>c:\users\c1234_000\desktop\cs-4411-project2\trunk\modskelf14\sample.cpp(242): warning C4305: 'argument' : truncation from 'double' to 'float'
     1>c:\users\c1234_000\desktop\cs-4411-project2\trunk\modskelf14\sample.cpp(247): warning C4305: 'argument' : truncation from 'double' to 'float'
     1>c:\users\c1234_000\desktop\cs-4411-project2\trunk\modskelf14\sample.cpp(250): warning C4305: 'argument' : truncation from 'double' to 'float'
     1>c:\users\c1234_000\desktop\cs-4411-project2\trunk\modskelf14\sample.cpp(251): warning C4305: 'argument' : truncation from 'double' to 'float'
       Link:
         C:\Program Files (x86)\Microsoft Visual Studio 12.0\VC\bin\link.exe /ERRORREPORT:PROMPT /OUT:".\Debug/modeler.exe" /INCREMENTAL /NOLOGO /LIBPATH:local\lib opengl32.lib glu32.lib wsock32.lib fltk.lib odbc32.lib odbccp32.lib kernel32.lib user32.lib gdi32.lib winspool.lib comdlg32.lib advapi32.lib shell32.lib ole32.lib oleaut32.lib uuid.lib odbc32.lib odbccp32.lib /NODEFAULTLIB:libcmt /MANIFEST /MANIFESTUAC:"level='asInvoker' uiAccess='false'" /manifest:embed /DEBUG /PDB:".\Debug/modeler.pdb" /SUBSYSTEM:CONSOLE /TLBID:1 /DYNAMICBASE:NO /IMPLIB:".\Debug\modeler.lib" /MACHINE:X86 /SAFESEH /SAFESEH:NO .\Debug/bitmap.obj
         .\Debug/camera.obj
         .\Debug/modelerapp.obj
         .\Debug/modelerdraw.obj
         .\Debug/modelerui.obj
         .\Debug/modelerview.obj
         .\Debug/sample.obj
         modeler.vcxproj -> C:\Users\c1234_000\Desktop\CS-4411-Project2\trunk\ModSkelF14\.\Debug\modeler.exe
     1>Done Building Project "C:\Users\c1234_000\Desktop\CS-4411-Project2\trunk\ModSkelF14\modeler.vcxproj" (Build target(s)).

Build succeeded.

Time Elapsed 00:00:01.02
